<?xml version="1.0" encoding="UTF-8"?>
<!-- Generated by org.testng.reporters.JUnitReportReporter -->
<testsuite hostname="Saurav-PC" failures="0" tests="4" name="opencart_test.MyAccount_test" time="1.646" errors="0" timestamp="2025-01-20T21:27:07 IST" skipped="0">
  <testcase classname="opencart_test.MyAccount_test" name="getTitle" time="0.017"/>
  <testcase classname="opencart_test.MyAccount_test" name="myAccountBtn" time="0.105"/>
  <testcase classname="opencart_test.MyAccount_test" name="Register_Btn" time="0.272"/>
  <testcase classname="opencart_test.MyAccount_test" name="inputDetailsfromExcel" time="1.252"/>
</testsuite> <!-- opencart_test.MyAccount_test -->
