<?xml version="1.0" encoding="UTF-8"?>
<!-- Generated by org.testng.reporters.JUnitReportReporter -->
<testsuite hostname="Saurav-PC" failures="0" tests="4" name="opencart_test.login_test" time="2.228" errors="0" timestamp="2025-01-20T21:48:01 IST" skipped="0">
  <testcase classname="opencart_test.login_test" name="getTitle" time="0.020"/>
  <testcase classname="opencart_test.login_test" name="myAccountBtn" time="0.183"/>
  <testcase classname="opencart_test.login_test" name="login_Btn" time="0.337"/>
  <testcase classname="opencart_test.login_test" name="getData_Exl" time="1.688"/>
</testsuite> <!-- opencart_test.login_test -->
